# JRE version: OpenJDK Runtime Environment (8.0_152-b08) (build 1.8.0_152-release-915-b08)
# Java VM: OpenJDK 64-Bit Server VM (25.152-b08 mixed mode bsd-amd64 compressed oops)
Heap:
 PSYoungGen      total 450560K, used 173687K [0x00000007a0000000, 0x00000007beb80000, 0x00000007c0000000)
  eden space 436736K, 36% used [0x00000007a0000000,0x00000007a9c25530,0x00000007baa80000)
  from space 13824K, 99% used [0x00000007bde00000,0x00000007beb786f0,0x00000007beb80000)
  to   space 25600K, 0% used [0x00000007bb980000,0x00000007bb980000,0x00000007bd280000)
 ParOldGen       total 178688K, used 56775K [0x0000000760000000, 0x000000076ae80000, 0x00000007a0000000)
  object space 178688K, 31% used [0x0000000760000000,0x0000000763771de0,0x000000076ae80000)
 Metaspace       used 93914K, capacity 103794K, committed 104728K, reserved 1138688K
  class space    used 11786K, capacity 14227K, committed 14616K, reserved 1048576K
GC Heap History (10 events):
Event: 12510.502 GC heap before
{Heap before GC invocations=48 (full 4):
 PSYoungGen      total 489472K, used 476890K [0x00000007a0000000, 0x00000007c0000000, 0x00000007c0000000)
  eden space 462336K, 100% used [0x00000007a0000000,0x00000007bc380000,0x00000007bc380000)
  from space 27136K, 53% used [0x00000007bc380000,0x00000007bd1b68d0,0x00000007bde00000)
  to   space 26624K, 0% used [0x00000007be600000,0x00000007be600000,0x00000007c0000000)
 ParOldGen       total 178688K, used 49670K [0x0000000760000000, 0x000000076ae80000, 0x00000007a0000000)
  object space 178688K, 27% used [0x0000000760000000,0x0000000763081a40,0x000000076ae80000)
 Metaspace       used 93250K, capacity 102516K, committed 103576K, reserved 1138688K
  class space    used 11695K, capacity 13874K, committed 14232K, reserved 1048576K
Event: 12510.577 GC heap after
Heap after GC invocations=48 (full 4):
 PSYoungGen      total 494592K, used 14714K [0x00000007a0000000, 0x00000007bfd80000, 0x00000007c0000000)
  eden space 470528K, 0% used [0x00000007a0000000,0x00000007a0000000,0x00000007bcb80000)
  from space 24064K, 61% used [0x00000007be600000,0x00000007bf45e9c8,0x00000007bfd80000)
  to   space 25600K, 0% used [0x00000007bcb80000,0x00000007bcb80000,0x00000007be480000)
 ParOldGen       total 178688K, used 49678K [0x0000000760000000, 0x000000076ae80000, 0x00000007a0000000)
  object space 178688K, 27% used [0x0000000760000000,0x0000000763083a40,0x000000076ae80000)
 Metaspace       used 93250K, capacity 102516K, committed 103576K, reserved 1138688K
  class space    used 11695K, capacity 13874K, committed 14232K, reserved 1048576K
}
Event: 12721.774 GC heap before
{Heap before GC invocations=49 (full 4):
 PSYoungGen      total 494592K, used 485242K [0x00000007a0000000, 0x00000007bfd80000, 0x00000007c0000000)
  eden space 470528K, 100% used [0x00000007a0000000,0x00000007bcb80000,0x00000007bcb80000)
  from space 24064K, 61% used [0x00000007be600000,0x00000007bf45e9c8,0x00000007bfd80000)
  to   space 25600K, 0% used [0x00000007bcb80000,0x00000007bcb80000,0x00000007be480000)
 ParOldGen       total 178688K, used 49678K [0x0000000760000000, 0x000000076ae80000, 0x00000007a0000000)
  object space 178688K, 27% used [0x0000000760000000,0x0000000763083a40,0x000000076ae80000)
 Metaspace       used 93431K, capacity 102830K, committed 103960K, reserved 1138688K
  class space    used 11718K, capacity 13955K, committed 14360K, reserved 1048576K
Event: 12721.956 GC heap after
Heap after GC invocations=49 (full 4):
 PSYoungGen      total 496128K, used 18939K [0x00000007a0000000, 0x00000007c0000000, 0x00000007c0000000)
  eden space 470528K, 0% used [0x00000007a0000000,0x00000007a0000000,0x00000007bcb80000)
  from space 25600K, 73% used [0x00000007bcb80000,0x00000007bddfeee0,0x00000007be480000)
  to   space 26112K, 0% used [0x00000007be680000,0x00000007be680000,0x00000007c0000000)
 ParOldGen       total 178688K, used 49686K [0x0000000760000000, 0x000000076ae80000, 0x00000007a0000000)
  object space 178688K, 27% used [0x0000000760000000,0x0000000763085a40,0x000000076ae80000)
 Metaspace       used 93431K, capacity 102830K, committed 103960K, reserved 1138688K
  class space    used 11718K, capacity 13955K, committed 14360K, reserved 1048576K
}
Event: 13094.501 GC heap before
{Heap before GC invocations=50 (full 4):
 PSYoungGen      total 496128K, used 489467K [0x00000007a0000000, 0x00000007c0000000, 0x00000007c0000000)
  eden space 470528K, 100% used [0x00000007a0000000,0x00000007bcb80000,0x00000007bcb80000)
  from space 25600K, 73% used [0x00000007bcb80000,0x00000007bddfeee0,0x00000007be480000)
  to   space 26112K, 0% used [0x00000007be680000,0x00000007be680000,0x00000007c0000000)
 ParOldGen       total 178688K, used 49686K [0x0000000760000000, 0x000000076ae80000, 0x00000007a0000000)
  object space 178688K, 27% used [0x0000000760000000,0x0000000763085a40,0x000000076ae80000)
 Metaspace       used 93578K, capacity 103142K, committed 103960K, reserved 1138688K
  class space    used 11740K, capacity 14035K, committed 14360K, reserved 1048576K
Event: 13094.582 GC heap after
Heap after GC invocations=50 (full 4):
 PSYoungGen      total 498176K, used 14083K [0x00000007a0000000, 0x00000007bff80000, 0x00000007c0000000)
  eden space 472576K, 0% used [0x00000007a0000000,0x00000007a0000000,0x00000007bcd80000)
  from space 25600K, 55% used [0x00000007be680000,0x00000007bf440fd0,0x00000007bff80000)
  to   space 25600K, 0% used [0x00000007bcd80000,0x00000007bcd80000,0x00000007be680000)
 ParOldGen       total 178688K, used 49694K [0x0000000760000000, 0x000000076ae80000, 0x00000007a0000000)
  object space 178688K, 27% used [0x0000000760000000,0x0000000763087a40,0x000000076ae80000)
 Metaspace       used 93578K, capacity 103142K, committed 103960K, reserved 1138688K
  class space    used 11740K, capacity 14035K, committed 14360K, reserved 1048576K
}
Event: 13273.739 GC heap before
{Heap before GC invocations=51 (full 4):
 PSYoungGen      total 498176K, used 486659K [0x00000007a0000000, 0x00000007bff80000, 0x00000007c0000000)
  eden space 472576K, 100% used [0x00000007a0000000,0x00000007bcd80000,0x00000007bcd80000)
  from space 25600K, 55% used [0x00000007be680000,0x00000007bf440fd0,0x00000007bff80000)
  to   space 25600K, 0% used [0x00000007bcd80000,0x00000007bcd80000,0x00000007be680000)
 ParOldGen       total 178688K, used 49694K [0x0000000760000000, 0x000000076ae80000, 0x00000007a0000000)
  object space 178688K, 27% used [0x0000000760000000,0x0000000763087a40,0x000000076ae80000)
 Metaspace       used 93726K, capacity 103390K, committed 104344K, reserved 1138688K
  class space    used 11762K, capacity 14115K, committed 14488K, reserved 1048576K
Event: 13273.888 GC heap after
Heap after GC invocations=51 (full 4):
 PSYoungGen      total 471040K, used 16884K [0x00000007a0000000, 0x00000007beb80000, 0x00000007c0000000)
  eden space 454144K, 0% used [0x00000007a0000000,0x00000007a0000000,0x00000007bbb80000)
  from space 16896K, 99% used [0x00000007bcd80000,0x00000007bddfd130,0x00000007bde00000)
  to   space 13824K, 0% used [0x00000007bde00000,0x00000007bde00000,0x00000007beb80000)
 ParOldGen       total 178688K, used 49694K [0x0000000760000000, 0x000000076ae80000, 0x00000007a0000000)
  object space 178688K, 27% used [0x0000000760000000,0x0000000763087a40,0x000000076ae80000)
 Metaspace       used 93726K, capacity 103390K, committed 104344K, reserved 1138688K
  class space    used 11762K, capacity 14115K, committed 14488K, reserved 1048576K
}
Event: 13420.918 GC heap before
{Heap before GC invocations=52 (full 4):
 PSYoungGen      total 471040K, used 471028K [0x00000007a0000000, 0x00000007beb80000, 0x00000007c0000000)
  eden space 454144K, 100% used [0x00000007a0000000,0x00000007bbb80000,0x00000007bbb80000)
  from space 16896K, 99% used [0x00000007bcd80000,0x00000007bddfd130,0x00000007bde00000)
  to   space 13824K, 0% used [0x00000007bde00000,0x00000007bde00000,0x00000007beb80000)
 ParOldGen       total 178688K, used 49694K [0x0000000760000000, 0x000000076ae80000, 0x00000007a0000000)
  object space 178688K, 27% used [0x0000000760000000,0x0000000763087a40,0x000000076ae80000)
 Metaspace       used 93828K, capacity 103542K, committed 104472K, reserved 1138688K
  class space    used 11774K, capacity 14187K, committed 14616K, reserved 1048576K
Event: 13421.049 GC heap after
Heap after GC invocations=52 (full 4):
 PSYoungGen      total 450560K, used 13793K [0x00000007a0000000, 0x00000007beb80000, 0x00000007c0000000)
  eden space 436736K, 0% used [0x00000007a0000000,0x00000007a0000000,0x00000007baa80000)
  from space 13824K, 99% used [0x00000007bde00000,0x00000007beb786f0,0x00000007beb80000)
  to   space 25600K, 0% used [0x00000007bb980000,0x00000007bb980000,0x00000007bd280000)
 ParOldGen       total 178688K, used 56775K [0x0000000760000000, 0x000000076ae80000, 0x00000007a0000000)
  object space 178688K, 31% used [0x0000000760000000,0x0000000763771de0,0x000000076ae80000)
 Metaspace       used 93828K, capacity 103542K, committed 104472K, reserved 1138688K
  class space    used 11774K, capacity 14187K, committed 14616K, reserved 1048576K
}

